Arguments: 
  /Users/stoque/.nvm/versions/node/v8.11.3/bin/node /usr/local/Cellar/yarn/1.7.0/libexec/bin/yarn.js add -D jest

PATH: 
  /Users/stoque/.rvm/gems/ruby-2.4.2/bin:/Users/stoque/.rvm/gems/ruby-2.4.2@global/bin:/Users/stoque/.rvm/rubies/ruby-2.4.2/bin:/Users/stoque/.nvm/versions/node/v8.11.3/bin:/usr/local/bin:/usr/bin:/bin:/usr/sbin:/sbin:/Users/stoque/.rvm/bin:/Users/stoque/.git-semantic-commits:/usr/local/bin:/usr/bin:/bin:/usr/sbin:/sbin:/Users/stoque/.rvm/bin

Yarn version: 
  1.7.0

Node version: 
  8.11.3

Platform: 
  darwin x64

Trace: 
  SyntaxError: /Users/stoque/Lab/tdd-training/package.json: Unexpected end of JSON input
      at JSON.parse (<anonymous>)
      at /usr/local/Cellar/yarn/1.7.0/libexec/lib/cli.js:1130:59
      at Generator.next (<anonymous>)
      at step (/usr/local/Cellar/yarn/1.7.0/libexec/lib/cli.js:98:30)
      at /usr/local/Cellar/yarn/1.7.0/libexec/lib/cli.js:109:13
      at <anonymous>

npm manifest: 
  

yarn manifest: 
  No manifest

Lockfile: 
  No lockfile
